{"content": {"suites": {"0": {"status": {"total_pass": 1, "total_skip": 0, "total_xpass": 0, "total_xfail": 0, "total_rerun": 0, "total_fail": 2, "total_error": 0}, "tests": {"0": {"status": "FAIL", "message": "   selenium.common.exceptions.NoSuchElementException: Message: no such element: Unable to locate element: {\"method\":\"xpath\",\"selector\":\"//td[contains(text(),'Testing')]\"}\n     (Session info: chrome=90.0.4430.212)\n", "test_name": "test_get_req[chrome]", "rerun": "0"}, "1": {"status": "PASS", "message": "", "test_name": "test_get_id_details[chrome]", "rerun": "0"}, "2": {"status": "FAIL", "message": "   selenium.common.exceptions.NoSuchElementException: Message: no such element: Unable to locate element: {\"method\":\"xpath\",\"selector\":\"//td[contains(text(),'Testing')]\"}\n     (Session info: chrome=90.0.4430.212)\n", "test_name": "test_get_Verify_details[chrome]", "rerun": "0"}}, "suite_name": "GET_Request.py"}}}, "date": "June 02, 2021", "start_time": 1622624781.6021187, "total_suite": 1, "status": "FAIL", "status_list": {"pass": "1", "fail": "2", "skip": "0", "error": "0", "xpass": "0", "xfail": "0", "rerun": "0"}, "total_tests": "3"}